Traceback (most recent call last):
  File "/Users/younesstrittmatter/Documents/GitHub/younesStrittmatter/princeton/psyneulink-related/502B/.venv/lib/python3.11/site-packages/jupyter_cache/executors/utils.py", line 58, in single_nb_execution
    executenb(
  File "/Users/younesstrittmatter/Documents/GitHub/younesStrittmatter/princeton/psyneulink-related/502B/.venv/lib/python3.11/site-packages/nbclient/client.py", line 1319, in execute
    return NotebookClient(nb=nb, resources=resources, km=km, **kwargs).execute()
           ^^^^^^^^^^^^^^^^^^^^^^^^^^^^^^^^^^^^^^^^^^^^^^^^^^^^^^^^^^^^^^^^^^^^^
  File "/Users/younesstrittmatter/Documents/GitHub/younesStrittmatter/princeton/psyneulink-related/502B/.venv/lib/python3.11/site-packages/jupyter_core/utils/__init__.py", line 165, in wrapped
    return loop.run_until_complete(inner)
           ^^^^^^^^^^^^^^^^^^^^^^^^^^^^^^
  File "/Library/Frameworks/Python.framework/Versions/3.11/lib/python3.11/asyncio/base_events.py", line 653, in run_until_complete
    return future.result()
           ^^^^^^^^^^^^^^^
  File "/Users/younesstrittmatter/Documents/GitHub/younesStrittmatter/princeton/psyneulink-related/502B/.venv/lib/python3.11/site-packages/nbclient/client.py", line 709, in async_execute
    await self.async_execute_cell(
  File "/Users/younesstrittmatter/Documents/GitHub/younesStrittmatter/princeton/psyneulink-related/502B/.venv/lib/python3.11/site-packages/nbclient/client.py", line 1062, in async_execute_cell
    await self._check_raise_for_error(cell, cell_index, exec_reply)
  File "/Users/younesstrittmatter/Documents/GitHub/younesStrittmatter/princeton/psyneulink-related/502B/.venv/lib/python3.11/site-packages/nbclient/client.py", line 918, in _check_raise_for_error
    raise CellExecutionError.from_cell_and_msg(cell, exec_reply_content)
nbclient.exceptions.CellExecutionError: An error occurred while executing the following cell:
------------------
# Create a set of stimuli
stimulus_matrix = ...

# Compute the correlation matrix with numpy
correlation_matrix = ...

# Define the purple stimulus
purple = ...

# Compute the activations for the purple stimulus
...
active_mat_purple = ...

# Plot the activations for the purple stimulus
plt.figure()
plt.stem(active_mat_purple)
plt.title("Activations of a Purple Stimulus")
plt.xticks(np.arange(len(feature_names)), feature_names, rotation=35)
plt.xlabel("Feature")
plt.ylabel("Activation Strength")
plt.show()
------------------


[0;31m---------------------------------------------------------------------------[0m
[0;31mTypeError[0m                                 Traceback (most recent call last)
Cell [0;32mIn[8], line 16[0m
[1;32m     14[0m [38;5;66;03m# Plot the activations for the purple stimulus[39;00m
[1;32m     15[0m plt[38;5;241m.[39mfigure()
[0;32m---> 16[0m [43mplt[49m[38;5;241;43m.[39;49m[43mstem[49m[43m([49m[43mactive_mat_purple[49m[43m)[49m
[1;32m     17[0m plt[38;5;241m.[39mtitle([38;5;124m"[39m[38;5;124mActivations of a Purple Stimulus[39m[38;5;124m"[39m)
[1;32m     18[0m plt[38;5;241m.[39mxticks(np[38;5;241m.[39marange([38;5;28mlen[39m(feature_names)), feature_names, rotation[38;5;241m=[39m[38;5;241m35[39m)

File [0;32m~/Documents/GitHub/younesStrittmatter/princeton/psyneulink-related/502B/.venv/lib/python3.11/site-packages/matplotlib/_api/deprecation.py:384[0m, in [0;36mdelete_parameter.<locals>.wrapper[0;34m(*inner_args, **inner_kwargs)[0m
[1;32m    379[0m [38;5;129m@functools[39m[38;5;241m.[39mwraps(func)
[1;32m    380[0m [38;5;28;01mdef[39;00m[38;5;250m [39m[38;5;21mwrapper[39m([38;5;241m*[39minner_args, [38;5;241m*[39m[38;5;241m*[39minner_kwargs):
[1;32m    381[0m     [38;5;28;01mif[39;00m [38;5;28mlen[39m(inner_args) [38;5;241m<[39m[38;5;241m=[39m name_idx [38;5;129;01mand[39;00m name [38;5;129;01mnot[39;00m [38;5;129;01min[39;00m inner_kwargs:
[1;32m    382[0m         [38;5;66;03m# Early return in the simple, non-deprecated case (much faster than[39;00m
[1;32m    383[0m         [38;5;66;03m# calling bind()).[39;00m
[0;32m--> 384[0m         [38;5;28;01mreturn[39;00m [43mfunc[49m[43m([49m[38;5;241;43m*[39;49m[43minner_args[49m[43m,[49m[43m [49m[38;5;241;43m*[39;49m[38;5;241;43m*[39;49m[43minner_kwargs[49m[43m)[49m
[1;32m    385[0m     arguments [38;5;241m=[39m signature[38;5;241m.[39mbind([38;5;241m*[39minner_args, [38;5;241m*[39m[38;5;241m*[39minner_kwargs)[38;5;241m.[39marguments
[1;32m    386[0m     [38;5;28;01mif[39;00m is_varargs [38;5;129;01mand[39;00m arguments[38;5;241m.[39mget(name):

File [0;32m~/Documents/GitHub/younesStrittmatter/princeton/psyneulink-related/502B/.venv/lib/python3.11/site-packages/matplotlib/pyplot.py:2929[0m, in [0;36mstem[0;34m(linefmt, markerfmt, basefmt, bottom, label, use_line_collection, orientation, data, *args)[0m
[1;32m   2923[0m [38;5;129m@_copy_docstring_and_deprecators[39m(Axes[38;5;241m.[39mstem)
[1;32m   2924[0m [38;5;28;01mdef[39;00m[38;5;250m [39m[38;5;21mstem[39m(
[1;32m   2925[0m         [38;5;241m*[39margs, linefmt[38;5;241m=[39m[38;5;28;01mNone[39;00m, markerfmt[38;5;241m=[39m[38;5;28;01mNone[39;00m, basefmt[38;5;241m=[39m[38;5;28;01mNone[39;00m, bottom[38;5;241m=[39m[38;5;241m0[39m,
[1;32m   2926[0m         label[38;5;241m=[39m[38;5;28;01mNone[39;00m,
[1;32m   2927[0m         use_line_collection[38;5;241m=[39m_api[38;5;241m.[39mdeprecation[38;5;241m.[39m_deprecated_parameter,
[1;32m   2928[0m         orientation[38;5;241m=[39m[38;5;124m'[39m[38;5;124mvertical[39m[38;5;124m'[39m, data[38;5;241m=[39m[38;5;28;01mNone[39;00m):
[0;32m-> 2929[0m     [38;5;28;01mreturn[39;00m [43mgca[49m[43m([49m[43m)[49m[38;5;241;43m.[39;49m[43mstem[49m[43m([49m
[1;32m   2930[0m [43m        [49m[38;5;241;43m*[39;49m[43margs[49m[43m,[49m[43m [49m[43mlinefmt[49m[38;5;241;43m=[39;49m[43mlinefmt[49m[43m,[49m[43m [49m[43mmarkerfmt[49m[38;5;241;43m=[39;49m[43mmarkerfmt[49m[43m,[49m[43m [49m[43mbasefmt[49m[38;5;241;43m=[39;49m[43mbasefmt[49m[43m,[49m
[1;32m   2931[0m [43m        [49m[43mbottom[49m[38;5;241;43m=[39;49m[43mbottom[49m[43m,[49m[43m [49m[43mlabel[49m[38;5;241;43m=[39;49m[43mlabel[49m[43m,[49m
[1;32m   2932[0m [43m        [49m[43muse_line_collection[49m[38;5;241;43m=[39;49m[43muse_line_collection[49m[43m,[49m
[1;32m   2933[0m [43m        [49m[43morientation[49m[38;5;241;43m=[39;49m[43morientation[49m[43m,[49m
[1;32m   2934[0m [43m        [49m[38;5;241;43m*[39;49m[38;5;241;43m*[39;49m[43m([49m[43m{[49m[38;5;124;43m"[39;49m[38;5;124;43mdata[39;49m[38;5;124;43m"[39;49m[43m:[49m[43m [49m[43mdata[49m[43m}[49m[43m [49m[38;5;28;43;01mif[39;49;00m[43m [49m[43mdata[49m[43m [49m[38;5;129;43;01mis[39;49;00m[43m [49m[38;5;129;43;01mnot[39;49;00m[43m [49m[38;5;28;43;01mNone[39;49;00m[43m [49m[38;5;28;43;01melse[39;49;00m[43m [49m[43m{[49m[43m}[49m[43m)[49m[43m)[49m

File [0;32m~/Documents/GitHub/younesStrittmatter/princeton/psyneulink-related/502B/.venv/lib/python3.11/site-packages/matplotlib/__init__.py:1446[0m, in [0;36m_preprocess_data.<locals>.inner[0;34m(ax, data, *args, **kwargs)[0m
[1;32m   1443[0m [38;5;129m@functools[39m[38;5;241m.[39mwraps(func)
[1;32m   1444[0m [38;5;28;01mdef[39;00m[38;5;250m [39m[38;5;21minner[39m(ax, [38;5;241m*[39margs, data[38;5;241m=[39m[38;5;28;01mNone[39;00m, [38;5;241m*[39m[38;5;241m*[39mkwargs):
[1;32m   1445[0m     [38;5;28;01mif[39;00m data [38;5;129;01mis[39;00m [38;5;28;01mNone[39;00m:
[0;32m-> 1446[0m         [38;5;28;01mreturn[39;00m [43mfunc[49m[43m([49m[43max[49m[43m,[49m[43m [49m[38;5;241;43m*[39;49m[38;5;28;43mmap[39;49m[43m([49m[43msanitize_sequence[49m[43m,[49m[43m [49m[43margs[49m[43m)[49m[43m,[49m[43m [49m[38;5;241;43m*[39;49m[38;5;241;43m*[39;49m[43mkwargs[49m[43m)[49m
[1;32m   1448[0m     bound [38;5;241m=[39m new_sig[38;5;241m.[39mbind(ax, [38;5;241m*[39margs, [38;5;241m*[39m[38;5;241m*[39mkwargs)
[1;32m   1449[0m     auto_label [38;5;241m=[39m (bound[38;5;241m.[39marguments[38;5;241m.[39mget(label_namer)
[1;32m   1450[0m                   [38;5;129;01mor[39;00m bound[38;5;241m.[39mkwargs[38;5;241m.[39mget(label_namer))

File [0;32m~/Documents/GitHub/younesStrittmatter/princeton/psyneulink-related/502B/.venv/lib/python3.11/site-packages/matplotlib/_api/deprecation.py:410[0m, in [0;36mdelete_parameter.<locals>.wrapper[0;34m(*inner_args, **inner_kwargs)[0m
[1;32m    400[0m     deprecation_addendum [38;5;241m=[39m (
[1;32m    401[0m         [38;5;124mf[39m[38;5;124m"[39m[38;5;124mIf any parameter follows [39m[38;5;132;01m{[39;00mname[38;5;132;01m!r}[39;00m[38;5;124m, they should be passed as [39m[38;5;124m"[39m
[1;32m    402[0m         [38;5;124mf[39m[38;5;124m"[39m[38;5;124mkeyword, not positionally.[39m[38;5;124m"[39m)
[1;32m    403[0m     warn_deprecated(
[1;32m    404[0m         since,
[1;32m    405[0m         name[38;5;241m=[39m[38;5;28mrepr[39m(name),
[0;32m   (...)[0m
[1;32m    408[0m                  [38;5;28;01melse[39;00m deprecation_addendum,
[1;32m    409[0m         [38;5;241m*[39m[38;5;241m*[39mkwargs)
[0;32m--> 410[0m [38;5;28;01mreturn[39;00m [43mfunc[49m[43m([49m[38;5;241;43m*[39;49m[43minner_args[49m[43m,[49m[43m [49m[38;5;241;43m*[39;49m[38;5;241;43m*[39;49m[43minner_kwargs[49m[43m)[49m

File [0;32m~/Documents/GitHub/younesStrittmatter/princeton/psyneulink-related/502B/.venv/lib/python3.11/site-packages/matplotlib/axes/_axes.py:2979[0m, in [0;36mAxes.stem[0;34m(self, linefmt, markerfmt, basefmt, bottom, label, use_line_collection, orientation, *args)[0m
[1;32m   2977[0m [38;5;28;01mif[39;00m [38;5;28mlen[39m(args) [38;5;241m==[39m [38;5;241m1[39m:
[1;32m   2978[0m     heads, [38;5;241m=[39m args
[0;32m-> 2979[0m     locs [38;5;241m=[39m np[38;5;241m.[39marange([38;5;28;43mlen[39;49m[43m([49m[43mheads[49m[43m)[49m)
[1;32m   2980[0m     args [38;5;241m=[39m ()
[1;32m   2981[0m [38;5;28;01melif[39;00m [38;5;28misinstance[39m(args[[38;5;241m1[39m], [38;5;28mstr[39m):

[0;31mTypeError[0m: object of type 'ellipsis' has no len()

